{
  "RSpec": {
    "coverage": {
      "/Users/tadaspocius/Vinted/take-home-task/lib/planet_express.rb": {
        "lines": [
          null,
          null,
          1,
          null,
          1,
          1,
          null,
          1,
          1,
          1,
          null,
          1,
          1,
          1,
          1,
          null,
          1,
          1,
          null,
          1,
          1,
          null,
          1,
          null,
          1,
          null
        ]
      },
      "/Users/tadaspocius/Vinted/take-home-task/lib/planet_express/date.rb": {
        "lines": [
          null,
          null,
          1,
          null,
          null,
          1,
          1,
          29,
          null,
          null
        ]
      },
      "/Users/tadaspocius/Vinted/take-home-task/lib/planet_express/repository.rb": {
        "lines": [
          null,
          null,
          1,
          1,
          1,
          null,
          1,
          null,
          1,
          21,
          null,
          null,
          1,
          49,
          null,
          null,
          1,
          0,
          null,
          null,
          1,
          10,
          null,
          null,
          1,
          1,
          null,
          null,
          1,
          45,
          257,
          467,
          null,
          null,
          null,
          null,
          null
        ]
      },
      "/Users/tadaspocius/Vinted/take-home-task/lib/planet_express/discounts/discount.rb": {
        "lines": [
          null,
          null,
          1,
          1,
          1,
          0,
          null,
          null,
          null
        ]
      },
      "/Users/tadaspocius/Vinted/take-home-task/lib/planet_express/discounts/discount_budget.rb": {
        "lines": [
          null,
          null,
          1,
          1,
          1,
          null,
          1,
          16,
          16,
          null,
          null,
          1,
          6,
          6,
          6,
          null,
          null,
          1,
          12,
          null,
          null,
          1,
          29,
          null,
          null,
          1,
          10,
          null,
          null,
          1,
          null,
          1,
          null,
          1,
          29,
          null,
          null,
          null
        ]
      },
      "/Users/tadaspocius/Vinted/take-home-task/lib/planet_express/discounts/discount_budget_for_month_repository.rb": {
        "lines": [
          null,
          null,
          1,
          1,
          1,
          1,
          null,
          1,
          11,
          null,
          null,
          1,
          25,
          null,
          12,
          12,
          null,
          null,
          1,
          null,
          1,
          50,
          null,
          null,
          1,
          25,
          null,
          null,
          1,
          12,
          null,
          null,
          1,
          62,
          null,
          null,
          null
        ]
      },
      "/Users/tadaspocius/Vinted/take-home-task/lib/planet_express/shipments/shipment.rb": {
        "lines": [
          null,
          null,
          1,
          1,
          1,
          null,
          1,
          39,
          39,
          39,
          null,
          null,
          1,
          22,
          null,
          null,
          1,
          2,
          null,
          null,
          1,
          4,
          null,
          null,
          1,
          15,
          null,
          null,
          1,
          15,
          null,
          null,
          1,
          8,
          null,
          null,
          1,
          0,
          null,
          null,
          null
        ]
      },
      "/Users/tadaspocius/Vinted/take-home-task/lib/planet_express/shipments/shipment_repository.rb": {
        "lines": [
          null,
          null,
          1,
          1,
          1,
          5,
          6,
          2,
          null,
          null,
          null,
          1,
          7,
          7,
          null,
          null,
          null,
          null,
          null,
          1,
          null,
          1,
          12,
          12,
          13,
          13,
          null,
          null,
          12,
          null,
          null,
          null
        ]
      },
      "/Users/tadaspocius/Vinted/take-home-task/lib/planet_express/shipments/shipment_reader.rb": {
        "lines": [
          null,
          null,
          1,
          null,
          1,
          1,
          1,
          1,
          null,
          1,
          2,
          2,
          null,
          null,
          1,
          2,
          21,
          21,
          null,
          21,
          null,
          null,
          null,
          1,
          null,
          1,
          21,
          null,
          null,
          1,
          21,
          null,
          0,
          null,
          null,
          null
        ]
      },
      "/Users/tadaspocius/Vinted/take-home-task/lib/planet_express/shipments/shipment_formatter.rb": {
        "lines": [
          null,
          null,
          1,
          1,
          1,
          2,
          null,
          null,
          1,
          null,
          1,
          0,
          null,
          null,
          1,
          2,
          2,
          2,
          2,
          2,
          null,
          2,
          null,
          null,
          1,
          3,
          null,
          null,
          null
        ]
      },
      "/Users/tadaspocius/Vinted/take-home-task/lib/planet_express/shipping_options/shipping_option.rb": {
        "lines": [
          null,
          null,
          1,
          1,
          null,
          1,
          0,
          null,
          null,
          null
        ]
      },
      "/Users/tadaspocius/Vinted/take-home-task/lib/planet_express/shipping_options/shipping_option_repository.rb": {
        "lines": [
          null,
          null,
          1,
          1,
          1,
          null,
          1,
          15,
          null,
          null,
          1,
          32,
          null,
          null,
          1,
          6,
          null,
          null,
          1,
          null,
          1,
          null,
          13,
          null,
          null,
          null,
          null,
          null,
          null,
          null,
          null,
          null
        ]
      },
      "/Users/tadaspocius/Vinted/take-home-task/lib/planet_express/rules/s_shipment_discount_rule.rb": {
        "lines": [
          null,
          null,
          1,
          1,
          1,
          null,
          null,
          null,
          1,
          null,
          null,
          4,
          4,
          4,
          null,
          null,
          1,
          4,
          4,
          null,
          2,
          null,
          null,
          1,
          0,
          null,
          null,
          1,
          null,
          1,
          2,
          2,
          null,
          null,
          1,
          5,
          null,
          null,
          1,
          8,
          null,
          null,
          1,
          4,
          null,
          null,
          1,
          2,
          null,
          null,
          1,
          null,
          1,
          5,
          null,
          null,
          1,
          3,
          null,
          null,
          1,
          5,
          null,
          null,
          1,
          4,
          null,
          null,
          1,
          2,
          2,
          null,
          null,
          null
        ]
      },
      "/Users/tadaspocius/Vinted/take-home-task/lib/planet_express/rules/l_shipment_discount_rule.rb": {
        "lines": [
          null,
          null,
          1,
          1,
          1,
          null,
          null,
          null,
          1,
          null,
          null,
          4,
          4,
          4,
          null,
          null,
          1,
          4,
          4,
          null,
          2,
          null,
          null,
          1,
          0,
          null,
          null,
          1,
          null,
          1,
          2,
          2,
          null,
          null,
          1,
          2,
          null,
          null,
          1,
          8,
          null,
          null,
          1,
          4,
          null,
          null,
          null,
          null,
          1,
          2,
          null,
          null,
          1,
          null,
          1,
          4,
          null,
          null,
          1,
          3,
          3,
          null,
          3,
          null,
          3,
          null,
          null,
          1,
          2,
          null,
          null,
          1,
          2,
          2,
          null,
          null,
          null
        ]
      },
      "/Users/tadaspocius/Vinted/take-home-task/lib/planet_express/shipment_discount_calculator.rb": {
        "lines": [
          null,
          null,
          1,
          1,
          1,
          null,
          1,
          null,
          2,
          2,
          null,
          null,
          1,
          2,
          2,
          2,
          null,
          2,
          null,
          null,
          null,
          1,
          null,
          1,
          2,
          2,
          null,
          null,
          null,
          null
        ]
      },
      "/Users/tadaspocius/Vinted/take-home-task/spec/discount_budget_for_month_spec.rb": {
        "lines": [
          null,
          null,
          1,
          4,
          4,
          2,
          null,
          1,
          1,
          1,
          null,
          null,
          null,
          null,
          1,
          1,
          1,
          null,
          1,
          1,
          null,
          null,
          null,
          1,
          2,
          1,
          1,
          null,
          null,
          null,
          null,
          null,
          null
        ]
      },
      "/Users/tadaspocius/Vinted/take-home-task/spec/discount_budget_spec.rb": {
        "lines": [
          null,
          null,
          1,
          5,
          5,
          null,
          1,
          1,
          1,
          1,
          1,
          1,
          null,
          null,
          null,
          1,
          1,
          1,
          1,
          1,
          null,
          null,
          null,
          null,
          1,
          1,
          1,
          1,
          null,
          null,
          null,
          1,
          1,
          1,
          null,
          null,
          null,
          null
        ]
      },
      "/Users/tadaspocius/Vinted/take-home-task/spec/l_shipment_discount_rule_spec.rb": {
        "lines": [
          null,
          null,
          1,
          5,
          5,
          5,
          null,
          1,
          4,
          null,
          null,
          null,
          null,
          null,
          null,
          1,
          4,
          null,
          null,
          1,
          4,
          null,
          null,
          1,
          1,
          1,
          1,
          1,
          2,
          null,
          null,
          null,
          1,
          1,
          1,
          2,
          2,
          null,
          null,
          1,
          1,
          1,
          2,
          null,
          1,
          1,
          null,
          null,
          1,
          1,
          null,
          1,
          1,
          2,
          null,
          null,
          null,
          1,
          1,
          1,
          1,
          null,
          1,
          1,
          null,
          1,
          1,
          null,
          null,
          1,
          1,
          1,
          2,
          null,
          null,
          null,
          null,
          null
        ]
      },
      "/Users/tadaspocius/Vinted/take-home-task/spec/planet_express_spec.rb": {
        "lines": [
          null,
          null,
          1,
          1,
          1,
          null,
          null
        ]
      },
      "/Users/tadaspocius/Vinted/take-home-task/spec/repository_spec.rb": {
        "lines": [
          null,
          null,
          1,
          7,
          null,
          1,
          5,
          25,
          null,
          null,
          null,
          5,
          null,
          7,
          null,
          1,
          1,
          2,
          null,
          1,
          1,
          null,
          null,
          null,
          1,
          1,
          1,
          null,
          null,
          1,
          1,
          null,
          null,
          null,
          1,
          1,
          1,
          null,
          null,
          2,
          null,
          1,
          1,
          null,
          null,
          null,
          1,
          1,
          1,
          1,
          null,
          null,
          null,
          null,
          null,
          1,
          2,
          null,
          1,
          1,
          null,
          1,
          null,
          null,
          null,
          1,
          2,
          null,
          1,
          1,
          null,
          2,
          2,
          null,
          null,
          null
        ]
      },
      "/Users/tadaspocius/Vinted/take-home-task/spec/s_shipment_discount_rule_spec.rb": {
        "lines": [
          null,
          null,
          1,
          5,
          5,
          5,
          null,
          1,
          4,
          null,
          null,
          null,
          null,
          null,
          null,
          1,
          1,
          1,
          2,
          null,
          null,
          1,
          2,
          null,
          null,
          null,
          1,
          1,
          1,
          2,
          null,
          1,
          null,
          null,
          1,
          1,
          1,
          2,
          null,
          null,
          null,
          1,
          1,
          1,
          null,
          null,
          1,
          1,
          null,
          null,
          null,
          1,
          1,
          1,
          2,
          null,
          null,
          null,
          null,
          1,
          1,
          1,
          null,
          null,
          1,
          1,
          null,
          null,
          null,
          1,
          1,
          1,
          2,
          null,
          null,
          null
        ]
      },
      "/Users/tadaspocius/Vinted/take-home-task/spec/shipment_discount_calculator_spec.rb": {
        "lines": [
          null,
          null,
          1,
          1,
          2,
          null,
          1,
          2,
          null,
          1,
          2,
          null,
          null,
          1,
          2,
          null,
          null,
          null,
          1,
          1,
          1,
          2,
          null,
          null,
          1,
          1,
          null,
          1,
          null,
          null,
          1,
          1,
          null,
          1,
          1,
          2,
          null,
          null,
          null,
          null,
          null
        ]
      },
      "/Users/tadaspocius/Vinted/take-home-task/spec/shipment_formatter_spec.rb": {
        "lines": [
          null,
          null,
          1,
          1,
          2,
          null,
          null,
          1,
          null,
          1,
          3,
          1,
          2,
          null,
          null,
          null,
          null,
          null,
          1,
          2,
          null,
          null,
          1,
          1,
          1,
          null,
          1,
          1,
          1,
          1,
          1,
          null,
          null,
          1,
          1,
          1,
          1,
          null,
          null,
          1,
          1,
          1,
          null,
          1,
          1,
          1,
          1,
          1,
          null,
          null,
          null,
          null,
          null
        ]
      },
      "/Users/tadaspocius/Vinted/take-home-task/spec/shipment_reader_spec.rb": {
        "lines": [
          null,
          null,
          1,
          3,
          null,
          1,
          null,
          3,
          null,
          1,
          1,
          2,
          2,
          null,
          1,
          1,
          21,
          null,
          null,
          null,
          1,
          2,
          null,
          2,
          2,
          null,
          1,
          1,
          1,
          null,
          null,
          null,
          null,
          null
        ]
      },
      "/Users/tadaspocius/Vinted/take-home-task/spec/shipment_repository_spec.rb": {
        "lines": [
          null,
          null,
          1,
          1,
          8,
          null,
          1,
          1,
          2,
          null,
          1,
          1,
          null,
          null,
          1,
          null,
          null,
          null,
          1,
          1,
          1,
          null,
          null,
          1,
          1,
          1,
          1,
          null,
          null,
          2,
          null,
          1,
          1,
          null,
          null,
          1,
          null,
          null,
          null,
          1,
          1,
          1,
          null,
          null,
          1,
          1,
          null,
          null,
          1,
          1,
          1,
          1,
          null,
          null,
          2,
          null,
          1,
          1,
          null,
          null,
          1,
          null,
          null,
          null,
          null,
          1,
          1,
          2,
          null,
          1,
          1,
          null,
          null,
          null,
          null,
          1,
          null,
          null,
          null,
          1,
          1,
          1,
          null,
          null,
          null,
          null,
          2,
          2,
          null,
          1,
          1,
          null,
          null,
          1,
          null,
          null,
          null,
          1,
          1,
          2,
          null,
          null,
          null,
          null,
          2,
          3,
          null,
          1,
          1,
          1,
          null,
          null,
          1,
          null,
          null,
          null,
          1,
          1,
          1,
          null,
          null,
          1,
          null,
          null,
          null,
          null,
          null
        ]
      },
      "/Users/tadaspocius/Vinted/take-home-task/spec/shipping_option_repository_spec.rb": {
        "lines": [
          null,
          null,
          1,
          4,
          null,
          1,
          1,
          1,
          null,
          null,
          null,
          1,
          1,
          1,
          1,
          null,
          1,
          1,
          1,
          null,
          null,
          null,
          1,
          1,
          1,
          null,
          1,
          null,
          null,
          null,
          null
        ]
      },
      "/Users/tadaspocius/Vinted/take-home-task/spec/factories/shipping_options.rb": {
        "lines": [
          null,
          null,
          1,
          1,
          8,
          5,
          8,
          null,
          null
        ]
      }
    },
    "timestamp": 1629367501
  }
}
